mode: count
github.com/henriquecursino/desafioQ2/tools/tools.go:8.42,11.2 2 2
github.com/henriquecursino/desafioQ2/tools/tools.go:13.47,16.2 2 2
github.com/henriquecursino/desafioQ2/controller/controller_user.go:20.44,24.2 1 4
github.com/henriquecursino/desafioQ2/controller/controller_user.go:26.51,43.2 6 1
github.com/henriquecursino/desafioQ2/controller/controller_user.go:45.54,60.2 6 1
github.com/henriquecursino/desafioQ2/controller/controller_user.go:62.54,79.2 8 1
github.com/henriquecursino/desafioQ2/controller/controller_user.go:81.49,94.25 9 1
github.com/henriquecursino/desafioQ2/controller/controller_user.go:99.2,100.24 2 0
github.com/henriquecursino/desafioQ2/controller/controller_user.go:105.2,117.24 4 0
github.com/henriquecursino/desafioQ2/controller/controller_user.go:94.25,97.3 2 1
github.com/henriquecursino/desafioQ2/controller/controller_user.go:100.24,103.3 2 0
github.com/henriquecursino/desafioQ2/controller/controller_user.go:117.24,123.3 4 0
github.com/henriquecursino/desafioQ2/controller/controller_user.go:123.8,125.3 1 0
github.com/henriquecursino/desafioQ2/controller/controller_user.go:128.31,132.2 3 4
github.com/henriquecursino/desafioQ2/controller/controller_user.go:134.75,140.2 4 0
github.com/henriquecursino/desafioQ2/controller/repository.go:10.55,12.16 2 1
github.com/henriquecursino/desafioQ2/controller/repository.go:12.16,15.3 2 1
github.com/henriquecursino/desafioQ2/controller/repository.go:18.64,20.16 2 1
github.com/henriquecursino/desafioQ2/controller/repository.go:20.16,23.3 2 1
github.com/henriquecursino/desafioQ2/controller/repository.go:26.78,31.16 2 1
github.com/henriquecursino/desafioQ2/controller/repository.go:31.16,33.3 1 1
github.com/henriquecursino/desafioQ2/controller/repository.go:36.74,38.16 2 0
github.com/henriquecursino/desafioQ2/controller/repository.go:38.16,40.3 1 0
github.com/henriquecursino/desafioQ2/controller/repository.go:43.50,48.16 2 0
github.com/henriquecursino/desafioQ2/controller/repository.go:48.16,50.3 1 0
github.com/henriquecursino/desafioQ2/controller/repository.go:53.59,59.16 2 0
github.com/henriquecursino/desafioQ2/controller/repository.go:59.16,61.3 1 0
github.com/henriquecursino/desafioQ2/controller/repository.go:64.56,70.16 2 0
github.com/henriquecursino/desafioQ2/controller/repository.go:70.16,72.3 1 0
github.com/henriquecursino/desafioQ2/controller/repository.go:75.68,79.2 3 1
github.com/henriquecursino/desafioQ2/controller/repository.go:81.71,85.2 3 1
github.com/henriquecursino/desafioQ2/controller/repository.go:87.62,91.2 3 1
github.com/henriquecursino/desafioQ2/integrations/transaction.go:14.56,16.16 2 2
github.com/henriquecursino/desafioQ2/integrations/transaction.go:20.2,23.19 3 1
github.com/henriquecursino/desafioQ2/integrations/transaction.go:16.16,18.3 1 1
github.com/henriquecursino/desafioQ2/integrations/transaction.go:26.39,29.16 3 4
github.com/henriquecursino/desafioQ2/integrations/transaction.go:33.2,33.38 1 2
github.com/henriquecursino/desafioQ2/integrations/transaction.go:29.16,31.3 1 2
github.com/henriquecursino/desafioQ2/integrations/transaction.go:36.54,37.26 1 2
github.com/henriquecursino/desafioQ2/integrations/transaction.go:40.2,40.12 1 1
github.com/henriquecursino/desafioQ2/integrations/transaction.go:37.26,39.3 1 1
github.com/henriquecursino/desafioQ2/integrations/transaction.go:43.42,44.31 1 2
github.com/henriquecursino/desafioQ2/integrations/transaction.go:47.2,47.12 1 1
github.com/henriquecursino/desafioQ2/integrations/transaction.go:44.31,46.3 1 1
